<?xml version="1.0" encoding="UTF-8"?>
<testsuite name="banking.CheckingAccountTest" tests="1" skipped="0" failures="0" errors="0" timestamp="2025-06-07T05:10:57" hostname="MAGGIE" time="0.001">
  <properties/>
  <testcase name="checking_account_created_with_balance_of_$0()" classname="banking.CheckingAccountTest" time="0.001"/>
  <system-out><![CDATA[]]></system-out>
  <system-err><![CDATA[]]></system-err>
</testsuite>
