<?xml version="1.0" encoding="UTF-8"?>
<testsuite name="banking.CommandValidatorTest" tests="97" skipped="0" failures="0" errors="0" timestamp="2025-06-07T05:10:57" hostname="MAGGIE" time="0.11">
  <properties/>
  <testcase name="invalid_empty_command()" classname="banking.CommandValidatorTest" time="0.019"/>
  <testcase name="invalid_transfer_with_negative_amount()" classname="banking.CommandValidatorTest" time="0.001"/>
  <testcase name="create_account_with_ID_that_is_less_than_8_digits()" classname="banking.CommandValidatorTest" time="0.0"/>
  <testcase name="create_checking_account_with_missing_argument()" classname="banking.CommandValidatorTest" time="0.001"/>
  <testcase name="invalid_deposit_of_negative_amount()" classname="banking.CommandValidatorTest" time="0.001"/>
  <testcase name="create_invalid_account_type()" classname="banking.CommandValidatorTest" time="0.0"/>
  <testcase name="invalid_transfer_exceeds_from_account_withdrawal_limit_boundary()" classname="banking.CommandValidatorTest" time="0.0"/>
  <testcase name="valid_pass_time_command_with_12_months()" classname="banking.CommandValidatorTest" time="0.0"/>
  <testcase name="valid_pass_time_command_with_1_month()" classname="banking.CommandValidatorTest" time="0.0"/>
  <testcase name="create_account_with_ID_that_is_not_a_whole_number()" classname="banking.CommandValidatorTest" time="0.001"/>
  <testcase name="invalid_transfer_with_malformed_amount_string()" classname="banking.CommandValidatorTest" time="0.001"/>
  <testcase name="create_account_with_minimum_APR()" classname="banking.CommandValidatorTest" time="0.001"/>
  <testcase name="create_account_with_APR_above_maximum()" classname="banking.CommandValidatorTest" time="0.0"/>
  <testcase name="invalid_deposit_of_above_max_amount_into_checking_account()" classname="banking.CommandValidatorTest" time="0.0"/>
  <testcase name="valid_pass_time_command_with_60_months()" classname="banking.CommandValidatorTest" time="0.0"/>
  <testcase name="invalid_deposit_invalid_account_id_format()" classname="banking.CommandValidatorTest" time="0.002"/>
  <testcase name="create_account_with_APR_below_minimum()" classname="banking.CommandValidatorTest" time="0.001"/>
  <testcase name="create_CD_account_with_amount_above_maximum()" classname="banking.CommandValidatorTest" time="0.0"/>
  <testcase name="invalid_deposit_into_cd_account()" classname="banking.CommandValidatorTest" time="0.0"/>
  <testcase name="invalid_command_type()" classname="banking.CommandValidatorTest" time="0.0"/>
  <testcase name="test_withdrawal_boundary_condition_balance_equals_zero()" classname="banking.CommandValidatorTest" time="0.001"/>
  <testcase name="invalid_transfer_between_incompatible_account_types()" classname="banking.CommandValidatorTest" time="0.0"/>
  <testcase name="create_cd_account_with_missing_argument()" classname="banking.CommandValidatorTest" time="0.0"/>
  <testcase name="create_account_with_maximum_APR()" classname="banking.CommandValidatorTest" time="0.0"/>
  <testcase name="invalid_pass_time_command_with_extra_arguments()" classname="banking.CommandValidatorTest" time="0.0"/>
  <testcase name="valid_withdraw_cd_exact_balance_after_12_months()" classname="banking.CommandValidatorTest" time="0.0"/>
  <testcase name="create_account_with_APR_in_scientific_notation()" classname="banking.CommandValidatorTest" time="0.001"/>
  <testcase name="create_CD_account_with_amount_below_minimum()" classname="banking.CommandValidatorTest" time="0.0"/>
  <testcase name="create_account_with_duplicate_ID_is_invalid()" classname="banking.CommandValidatorTest" time="0.001"/>
  <testcase name="create_savings_account_with_missing_argument()" classname="banking.CommandValidatorTest" time="0.001"/>
  <testcase name="invalid_withdraw_command_too_many_arguments()" classname="banking.CommandValidatorTest" time="0.0"/>
  <testcase name="invalid_withdraw_invalid_account_id_format()" classname="banking.CommandValidatorTest" time="0.0"/>
  <testcase name="invalid_withdraw_savings_second_withdrawal_in_same_month()" classname="banking.CommandValidatorTest" time="0.0"/>
  <testcase name="invalid_transfer_amount_exceeds_to_account_max_deposit()" classname="banking.CommandValidatorTest" time="0.001"/>
  <testcase name="invalid_deposit_command_with_misspelled_command_word()" classname="banking.CommandValidatorTest" time="0.0"/>
  <testcase name="transfer_exceeds_to_account_limit()" classname="banking.CommandValidatorTest" time="0.0"/>
  <testcase name="valid_pass_time_command_case_insensitive()" classname="banking.CommandValidatorTest" time="0.0"/>
  <testcase name="invalid_deposit_of_above_max_amount_into_savings_account()" classname="banking.CommandValidatorTest" time="0.0"/>
  <testcase name="create_CD_account_with_amount_of_scientific_notation()" classname="banking.CommandValidatorTest" time="0.001"/>
  <testcase name="valid_withdraw_zero_amount()" classname="banking.CommandValidatorTest" time="0.0"/>
  <testcase name="invalid_transfer_with_nonexistent_to_account_id()" classname="banking.CommandValidatorTest" time="0.001"/>
  <testcase name="invalid_withdraw_cd_before_12_months()" classname="banking.CommandValidatorTest" time="0.0"/>
  <testcase name="invalid_deposit_command_with_extra_command_words()" classname="banking.CommandValidatorTest" time="0.001"/>
  <testcase name="invalid_withdraw_negative_amount()" classname="banking.CommandValidatorTest" time="0.0"/>
  <testcase name="invalid_transfer_exceeds_to_account_deposit_limit_boundary()" classname="banking.CommandValidatorTest" time="0.0"/>
  <testcase name="valid_withdraw_checking_within_limit()" classname="banking.CommandValidatorTest" time="0.0"/>
  <testcase name="invalid_deposit_command_too_many_arguments()" classname="banking.CommandValidatorTest" time="0.0"/>
  <testcase name="valid_deposit_of_0()" classname="banking.CommandValidatorTest" time="0.0"/>
  <testcase name="test_deposit_allowed_boundary_condition()" classname="banking.CommandValidatorTest" time="0.0"/>
  <testcase name="invalid_withdraw_cd_partial_withdraw_after_12_months()" classname="banking.CommandValidatorTest" time="0.0"/>
  <testcase name="valid_transfer_from_savings_account_within_monthly_withdrawal_limit()" classname="banking.CommandValidatorTest" time="0.0"/>
  <testcase name="invalid_transfer_to_cd_account()" classname="banking.CommandValidatorTest" time="0.0"/>
  <testcase name="valid_deposit_account_with_positive_max_deposit()" classname="banking.CommandValidatorTest" time="0.0"/>
  <testcase name="invalid_pass_time_command_with_0_months()" classname="banking.CommandValidatorTest" time="0.001"/>
  <testcase name="invalid_deposit_of_non_int_value()" classname="banking.CommandValidatorTest" time="0.0"/>
  <testcase name="invalid_deposit_command_no_arguments()" classname="banking.CommandValidatorTest" time="0.001"/>
  <testcase name="create_CD_account_with_amount_at_maximum()" classname="banking.CommandValidatorTest" time="0.0"/>
  <testcase name="create_account_with_APR_that_is_not_a_number()" classname="banking.CommandValidatorTest" time="0.001"/>
  <testcase name="test_validate_deposit_allowed_with_zero_max_deposit()" classname="banking.CommandValidatorTest" time="0.0"/>
  <testcase name="invalid_pass_time_command_with_missing_months()" classname="banking.CommandValidatorTest" time="0.0"/>
  <testcase name="valid_deposit_command()" classname="banking.CommandValidatorTest" time="0.001"/>
  <testcase name="valid_withdraw_cd_over_balance_after_12_months_goes_to_zero()" classname="banking.CommandValidatorTest" time="0.0"/>
  <testcase name="invalid_deposit_command_with_missing_command_word()" classname="banking.CommandValidatorTest" time="0.0"/>
  <testcase name="valid_create_command()" classname="banking.CommandValidatorTest" time="0.001"/>
  <testcase name="valid_withdraw_savings_within_limit_first_withdrawal()" classname="banking.CommandValidatorTest" time="0.0"/>
  <testcase name="create_CD_account_with_amount_at_minimum()" classname="banking.CommandValidatorTest" time="0.0"/>
  <testcase name="valid_command_with_mixed_cases()" classname="banking.CommandValidatorTest" time="0.0"/>
  <testcase name="valid_transfer_between_checking_and_savings()" classname="banking.CommandValidatorTest" time="0.0"/>
  <testcase name="invalid_transfer_from_savings_account_exceeding_monthly_withdrawal_limit()" classname="banking.CommandValidatorTest" time="0.001"/>
  <testcase name="invalid_pass_time_command_with_61_months()" classname="banking.CommandValidatorTest" time="0.0"/>
  <testcase name="invalid_deposit_nonexistent_account_id()" classname="banking.CommandValidatorTest" time="0.0"/>
  <testcase name="valid_deposit_of_max_amount_into_savings_account()" classname="banking.CommandValidatorTest" time="0.0"/>
  <testcase name="invalid_deposit_command_too_few_arguments()" classname="banking.CommandValidatorTest" time="0.0"/>
  <testcase name="invalid_transfer_with_nonexistent_from_account_id()" classname="banking.CommandValidatorTest" time="0.0"/>
  <testcase name="create_cd_account_with_extra_argument()" classname="banking.CommandValidatorTest" time="0.0"/>
  <testcase name="test_checking_account_unlimited_withdrawals()" classname="banking.CommandValidatorTest" time="0.001"/>
  <testcase name="create_account_with_ID_that_has_non_numeric_characters()" classname="banking.CommandValidatorTest" time="0.001"/>
  <testcase name="transfer_exceeds_from_account_limit()" classname="banking.CommandValidatorTest" time="0.001"/>
  <testcase name="create_savings_account_with_extra_argument()" classname="banking.CommandValidatorTest" time="0.001"/>
  <testcase name="valid_deposit_of_max_amount_into_checking_account()" classname="banking.CommandValidatorTest" time="0.0"/>
  <testcase name="invalid_withdraw_savings_above_limit()" classname="banking.CommandValidatorTest" time="0.0"/>
  <testcase name="create_CD_account_with_amount_of_non_numeric_value()" classname="banking.CommandValidatorTest" time="0.0"/>
  <testcase name="create_account_with_ID_that_is_greater_than_8_digits()" classname="banking.CommandValidatorTest" time="0.001"/>
  <testcase name="invalid_withdraw_checking_above_limit()" classname="banking.CommandValidatorTest" time="0.0"/>
  <testcase name="invalid_pass_time_command_with_negative_months()" classname="banking.CommandValidatorTest" time="0.0"/>
  <testcase name="invalid_pass_time_command_with_non_numeric_months()" classname="banking.CommandValidatorTest" time="0.0"/>
  <testcase name="invalid_withdraw_command_too_few_arguments()" classname="banking.CommandValidatorTest" time="0.001"/>
  <testcase name="create_checking_account_with_extra_argument()" classname="banking.CommandValidatorTest" time="0.001"/>
  <testcase name="valid_cd_create_command()" classname="banking.CommandValidatorTest" time="0.001"/>
  <testcase name="invalid_withdraw_nonexistent_account_id()" classname="banking.CommandValidatorTest" time="0.001"/>
  <testcase name="invalid_transfer_command_with_wrong_number_of_arguments()" classname="banking.CommandValidatorTest" time="0.0"/>
  <testcase name="valid_transfer_between_checking_accounts()" classname="banking.CommandValidatorTest" time="0.0"/>
  <testcase name="invalid_pass_time_command_with_decimal_months()" classname="banking.CommandValidatorTest" time="0.001"/>
  <testcase name="invalid_deposit_command_to_invalid_id()" classname="banking.CommandValidatorTest" time="0.001"/>
  <testcase name="invalid_transfer_from_cd_account()" classname="banking.CommandValidatorTest" time="0.0"/>
  <testcase name="invalid_withdraw_command_no_arguments()" classname="banking.CommandValidatorTest" time="0.0"/>
  <testcase name="invalid_deposit_account_with_zero_max_deposit()" classname="banking.CommandValidatorTest" time="0.001"/>
  <system-out><![CDATA[]]></system-out>
  <system-err><![CDATA[]]></system-err>
</testsuite>
