<?xml version="1.0" encoding="UTF-8"?>
<testsuite name="banking.CommandStoreTest" tests="4" skipped="0" failures="0" errors="0" timestamp="2025-06-07T05:10:57" hostname="MAGGIE" time="0.006">
  <properties/>
  <testcase name="retrieve_all_stored_invalid_commands()" classname="banking.CommandStoreTest" time="0.001"/>
  <testcase name="can_add_multiple_invalid_commands()" classname="banking.CommandStoreTest" time="0.0"/>
  <testcase name="can_add_one_invalid_command()" classname="banking.CommandStoreTest" time="0.0"/>
  <testcase name="store_is_empty_initially()" classname="banking.CommandStoreTest" time="0.001"/>
  <system-out><![CDATA[]]></system-out>
  <system-err><![CDATA[]]></system-err>
</testsuite>
