<?xml version="1.0" encoding="UTF-8"?>
<testsuite name="banking.SavingsAccountTest" tests="1" skipped="0" failures="0" errors="0" timestamp="2025-06-07T05:10:57" hostname="MAGGIE" time="0.0">
  <properties/>
  <testcase name="account_created_with_balance_of_$0()" classname="banking.SavingsAccountTest" time="0.0"/>
  <system-out><![CDATA[]]></system-out>
  <system-err><![CDATA[]]></system-err>
</testsuite>
