<?xml version="1.0" encoding="UTF-8"?>
<testsuite name="banking.CdAccountTest" tests="1" skipped="0" failures="0" errors="0" timestamp="2025-06-07T05:10:57" hostname="MAGGIE" time="0.002">
  <properties/>
  <testcase name="cd_account_created_with_specified_balance()" classname="banking.CdAccountTest" time="0.002"/>
  <system-out><![CDATA[]]></system-out>
  <system-err><![CDATA[]]></system-err>
</testsuite>
